<?xml version="1.0" encoding="UTF-8"?>
<testsuite xmlns:xsi="http://www.w3.org/2001/XMLSchema-instance" xsi:noNamespaceSchemaLocation="https://maven.apache.org/surefire/maven-surefire-plugin/xsd/surefire-test-report.xsd" name="org.example.AppTest" time="0.046" tests="1" errors="0" skipped="0" failures="0">
  <properties>
    <property name="java.specification.version" value="16"/>
    <property name="sun.cpu.isalist" value="amd64"/>
    <property name="sun.jnu.encoding" value="Cp1252"/>
    <property name="java.class.path" value="D:\ANDROID\Intellij Projects\final_project_bigdata\target\test-classes;D:\ANDROID\Intellij Projects\final_project_bigdata\target\classes;C:\Users\WINDOWS 10\.m2\repository\junit\junit\4.11\junit-4.11.jar;C:\Users\WINDOWS 10\.m2\repository\org\hamcrest\hamcrest-core\1.3\hamcrest-core-1.3.jar;C:\Users\WINDOWS 10\.m2\repository\org\apache\hadoop\hadoop-core\1.2.1\hadoop-core-1.2.1.jar;C:\Users\WINDOWS 10\.m2\repository\commons-cli\commons-cli\1.2\commons-cli-1.2.jar;C:\Users\WINDOWS 10\.m2\repository\xmlenc\xmlenc\0.52\xmlenc-0.52.jar;C:\Users\WINDOWS 10\.m2\repository\com\sun\jersey\jersey-core\1.8\jersey-core-1.8.jar;C:\Users\WINDOWS 10\.m2\repository\com\sun\jersey\jersey-json\1.8\jersey-json-1.8.jar;C:\Users\WINDOWS 10\.m2\repository\org\codehaus\jettison\jettison\1.1\jettison-1.1.jar;C:\Users\WINDOWS 10\.m2\repository\stax\stax-api\1.0.1\stax-api-1.0.1.jar;C:\Users\WINDOWS 10\.m2\repository\com\sun\xml\bind\jaxb-impl\2.2.3-1\jaxb-impl-2.2.3-1.jar;C:\Users\WINDOWS 10\.m2\repository\javax\xml\bind\jaxb-api\2.2.2\jaxb-api-2.2.2.jar;C:\Users\WINDOWS 10\.m2\repository\javax\xml\stream\stax-api\1.0-2\stax-api-1.0-2.jar;C:\Users\WINDOWS 10\.m2\repository\javax\activation\activation\1.1\activation-1.1.jar;C:\Users\WINDOWS 10\.m2\repository\org\codehaus\jackson\jackson-core-asl\1.7.1\jackson-core-asl-1.7.1.jar;C:\Users\WINDOWS 10\.m2\repository\org\codehaus\jackson\jackson-jaxrs\1.7.1\jackson-jaxrs-1.7.1.jar;C:\Users\WINDOWS 10\.m2\repository\org\codehaus\jackson\jackson-xc\1.7.1\jackson-xc-1.7.1.jar;C:\Users\WINDOWS 10\.m2\repository\com\sun\jersey\jersey-server\1.8\jersey-server-1.8.jar;C:\Users\WINDOWS 10\.m2\repository\asm\asm\3.1\asm-3.1.jar;C:\Users\WINDOWS 10\.m2\repository\commons-io\commons-io\2.1\commons-io-2.1.jar;C:\Users\WINDOWS 10\.m2\repository\commons-httpclient\commons-httpclient\3.0.1\commons-httpclient-3.0.1.jar;C:\Users\WINDOWS 10\.m2\repository\commons-logging\commons-logging\1.0.3\commons-logging-1.0.3.jar;C:\Users\WINDOWS 10\.m2\repository\commons-codec\commons-codec\1.4\commons-codec-1.4.jar;C:\Users\WINDOWS 10\.m2\repository\org\apache\commons\commons-math\2.1\commons-math-2.1.jar;C:\Users\WINDOWS 10\.m2\repository\commons-configuration\commons-configuration\1.6\commons-configuration-1.6.jar;C:\Users\WINDOWS 10\.m2\repository\commons-collections\commons-collections\3.2.1\commons-collections-3.2.1.jar;C:\Users\WINDOWS 10\.m2\repository\commons-lang\commons-lang\2.4\commons-lang-2.4.jar;C:\Users\WINDOWS 10\.m2\repository\commons-digester\commons-digester\1.8\commons-digester-1.8.jar;C:\Users\WINDOWS 10\.m2\repository\commons-beanutils\commons-beanutils\1.7.0\commons-beanutils-1.7.0.jar;C:\Users\WINDOWS 10\.m2\repository\commons-beanutils\commons-beanutils-core\1.8.0\commons-beanutils-core-1.8.0.jar;C:\Users\WINDOWS 10\.m2\repository\commons-net\commons-net\1.4.1\commons-net-1.4.1.jar;C:\Users\WINDOWS 10\.m2\repository\org\mortbay\jetty\jetty\6.1.26\jetty-6.1.26.jar;C:\Users\WINDOWS 10\.m2\repository\org\mortbay\jetty\servlet-api\2.5-20081211\servlet-api-2.5-20081211.jar;C:\Users\WINDOWS 10\.m2\repository\org\mortbay\jetty\jetty-util\6.1.26\jetty-util-6.1.26.jar;C:\Users\WINDOWS 10\.m2\repository\tomcat\jasper-runtime\5.5.12\jasper-runtime-5.5.12.jar;C:\Users\WINDOWS 10\.m2\repository\tomcat\jasper-compiler\5.5.12\jasper-compiler-5.5.12.jar;C:\Users\WINDOWS 10\.m2\repository\org\mortbay\jetty\jsp-api-2.1\6.1.14\jsp-api-2.1-6.1.14.jar;C:\Users\WINDOWS 10\.m2\repository\org\mortbay\jetty\servlet-api-2.5\6.1.14\servlet-api-2.5-6.1.14.jar;C:\Users\WINDOWS 10\.m2\repository\org\mortbay\jetty\jsp-2.1\6.1.14\jsp-2.1-6.1.14.jar;C:\Users\WINDOWS 10\.m2\repository\ant\ant\1.6.5\ant-1.6.5.jar;C:\Users\WINDOWS 10\.m2\repository\commons-el\commons-el\1.0\commons-el-1.0.jar;C:\Users\WINDOWS 10\.m2\repository\net\java\dev\jets3t\jets3t\0.6.1\jets3t-0.6.1.jar;C:\Users\WINDOWS 10\.m2\repository\hsqldb\hsqldb\1.8.0.10\hsqldb-1.8.0.10.jar;C:\Users\WINDOWS 10\.m2\repository\oro\oro\2.0.8\oro-2.0.8.jar;C:\Users\WINDOWS 10\.m2\repository\org\eclipse\jdt\core\3.1.1\core-3.1.1.jar;C:\Users\WINDOWS 10\.m2\repository\org\codehaus\jackson\jackson-mapper-asl\1.8.8\jackson-mapper-asl-1.8.8.jar;"/>
    <property name="java.vm.vendor" value="Oracle Corporation"/>
    <property name="sun.arch.data.model" value="64"/>
    <property name="user.variant" value=""/>
    <property name="java.vendor.url" value="https://java.oracle.com/"/>
    <property name="user.timezone" value="Asia/Bangkok"/>
    <property name="os.name" value="Windows 10"/>
    <property name="java.vm.specification.version" value="16"/>
    <property name="sun.java.launcher" value="SUN_STANDARD"/>
    <property name="user.country" value="US"/>
    <property name="sun.boot.library.path" value="D:\ANDROID\Java\Jdk\bin"/>
    <property name="sun.java.command" value="C:\Users\WINDOW~1\AppData\Local\Temp\surefire3832816900102978182\surefirebooter16206306369156730399.jar C:\Users\WINDOWS 10\AppData\Local\Temp\surefire3832816900102978182 2022-06-29T21-16-40_463-jvmRun1 surefire844517106680108044tmp surefire_08259700257915160774tmp"/>
    <property name="jdk.debug" value="release"/>
    <property name="surefire.test.class.path" value="D:\ANDROID\Intellij Projects\final_project_bigdata\target\test-classes;D:\ANDROID\Intellij Projects\final_project_bigdata\target\classes;C:\Users\WINDOWS 10\.m2\repository\junit\junit\4.11\junit-4.11.jar;C:\Users\WINDOWS 10\.m2\repository\org\hamcrest\hamcrest-core\1.3\hamcrest-core-1.3.jar;C:\Users\WINDOWS 10\.m2\repository\org\apache\hadoop\hadoop-core\1.2.1\hadoop-core-1.2.1.jar;C:\Users\WINDOWS 10\.m2\repository\commons-cli\commons-cli\1.2\commons-cli-1.2.jar;C:\Users\WINDOWS 10\.m2\repository\xmlenc\xmlenc\0.52\xmlenc-0.52.jar;C:\Users\WINDOWS 10\.m2\repository\com\sun\jersey\jersey-core\1.8\jersey-core-1.8.jar;C:\Users\WINDOWS 10\.m2\repository\com\sun\jersey\jersey-json\1.8\jersey-json-1.8.jar;C:\Users\WINDOWS 10\.m2\repository\org\codehaus\jettison\jettison\1.1\jettison-1.1.jar;C:\Users\WINDOWS 10\.m2\repository\stax\stax-api\1.0.1\stax-api-1.0.1.jar;C:\Users\WINDOWS 10\.m2\repository\com\sun\xml\bind\jaxb-impl\2.2.3-1\jaxb-impl-2.2.3-1.jar;C:\Users\WINDOWS 10\.m2\repository\javax\xml\bind\jaxb-api\2.2.2\jaxb-api-2.2.2.jar;C:\Users\WINDOWS 10\.m2\repository\javax\xml\stream\stax-api\1.0-2\stax-api-1.0-2.jar;C:\Users\WINDOWS 10\.m2\repository\javax\activation\activation\1.1\activation-1.1.jar;C:\Users\WINDOWS 10\.m2\repository\org\codehaus\jackson\jackson-core-asl\1.7.1\jackson-core-asl-1.7.1.jar;C:\Users\WINDOWS 10\.m2\repository\org\codehaus\jackson\jackson-jaxrs\1.7.1\jackson-jaxrs-1.7.1.jar;C:\Users\WINDOWS 10\.m2\repository\org\codehaus\jackson\jackson-xc\1.7.1\jackson-xc-1.7.1.jar;C:\Users\WINDOWS 10\.m2\repository\com\sun\jersey\jersey-server\1.8\jersey-server-1.8.jar;C:\Users\WINDOWS 10\.m2\repository\asm\asm\3.1\asm-3.1.jar;C:\Users\WINDOWS 10\.m2\repository\commons-io\commons-io\2.1\commons-io-2.1.jar;C:\Users\WINDOWS 10\.m2\repository\commons-httpclient\commons-httpclient\3.0.1\commons-httpclient-3.0.1.jar;C:\Users\WINDOWS 10\.m2\repository\commons-logging\commons-logging\1.0.3\commons-logging-1.0.3.jar;C:\Users\WINDOWS 10\.m2\repository\commons-codec\commons-codec\1.4\commons-codec-1.4.jar;C:\Users\WINDOWS 10\.m2\repository\org\apache\commons\commons-math\2.1\commons-math-2.1.jar;C:\Users\WINDOWS 10\.m2\repository\commons-configuration\commons-configuration\1.6\commons-configuration-1.6.jar;C:\Users\WINDOWS 10\.m2\repository\commons-collections\commons-collections\3.2.1\commons-collections-3.2.1.jar;C:\Users\WINDOWS 10\.m2\repository\commons-lang\commons-lang\2.4\commons-lang-2.4.jar;C:\Users\WINDOWS 10\.m2\repository\commons-digester\commons-digester\1.8\commons-digester-1.8.jar;C:\Users\WINDOWS 10\.m2\repository\commons-beanutils\commons-beanutils\1.7.0\commons-beanutils-1.7.0.jar;C:\Users\WINDOWS 10\.m2\repository\commons-beanutils\commons-beanutils-core\1.8.0\commons-beanutils-core-1.8.0.jar;C:\Users\WINDOWS 10\.m2\repository\commons-net\commons-net\1.4.1\commons-net-1.4.1.jar;C:\Users\WINDOWS 10\.m2\repository\org\mortbay\jetty\jetty\6.1.26\jetty-6.1.26.jar;C:\Users\WINDOWS 10\.m2\repository\org\mortbay\jetty\servlet-api\2.5-20081211\servlet-api-2.5-20081211.jar;C:\Users\WINDOWS 10\.m2\repository\org\mortbay\jetty\jetty-util\6.1.26\jetty-util-6.1.26.jar;C:\Users\WINDOWS 10\.m2\repository\tomcat\jasper-runtime\5.5.12\jasper-runtime-5.5.12.jar;C:\Users\WINDOWS 10\.m2\repository\tomcat\jasper-compiler\5.5.12\jasper-compiler-5.5.12.jar;C:\Users\WINDOWS 10\.m2\repository\org\mortbay\jetty\jsp-api-2.1\6.1.14\jsp-api-2.1-6.1.14.jar;C:\Users\WINDOWS 10\.m2\repository\org\mortbay\jetty\servlet-api-2.5\6.1.14\servlet-api-2.5-6.1.14.jar;C:\Users\WINDOWS 10\.m2\repository\org\mortbay\jetty\jsp-2.1\6.1.14\jsp-2.1-6.1.14.jar;C:\Users\WINDOWS 10\.m2\repository\ant\ant\1.6.5\ant-1.6.5.jar;C:\Users\WINDOWS 10\.m2\repository\commons-el\commons-el\1.0\commons-el-1.0.jar;C:\Users\WINDOWS 10\.m2\repository\net\java\dev\jets3t\jets3t\0.6.1\jets3t-0.6.1.jar;C:\Users\WINDOWS 10\.m2\repository\hsqldb\hsqldb\1.8.0.10\hsqldb-1.8.0.10.jar;C:\Users\WINDOWS 10\.m2\repository\oro\oro\2.0.8\oro-2.0.8.jar;C:\Users\WINDOWS 10\.m2\repository\org\eclipse\jdt\core\3.1.1\core-3.1.1.jar;C:\Users\WINDOWS 10\.m2\repository\org\codehaus\jackson\jackson-mapper-asl\1.8.8\jackson-mapper-asl-1.8.8.jar;"/>
    <property name="sun.cpu.endian" value="little"/>
    <property name="user.home" value="C:\Users\WINDOWS 10"/>
    <property name="user.language" value="en"/>
    <property name="java.specification.vendor" value="Oracle Corporation"/>
    <property name="java.version.date" value="2021-07-20"/>
    <property name="java.home" value="D:\ANDROID\Java\Jdk"/>
    <property name="file.separator" value="\"/>
    <property name="basedir" value="D:\ANDROID\Intellij Projects\final_project_bigdata"/>
    <property name="java.vm.compressedOopsMode" value="32-bit"/>
    <property name="line.separator" value="&#10;"/>
    <property name="java.vm.specification.vendor" value="Oracle Corporation"/>
    <property name="java.specification.name" value="Java Platform API Specification"/>
    <property name="surefire.real.class.path" value="C:\Users\WINDOW~1\AppData\Local\Temp\surefire3832816900102978182\surefirebooter16206306369156730399.jar"/>
    <property name="user.script" value=""/>
    <property name="sun.management.compiler" value="HotSpot 64-Bit Tiered Compilers"/>
    <property name="java.runtime.version" value="16.0.2+7-67"/>
    <property name="user.name" value="WINDOWS 10"/>
    <property name="path.separator" value=";"/>
    <property name="os.version" value="10.0"/>
    <property name="java.runtime.name" value="Java(TM) SE Runtime Environment"/>
    <property name="file.encoding" value="Cp1252"/>
    <property name="java.vm.name" value="Java HotSpot(TM) 64-Bit Server VM"/>
    <property name="localRepository" value="C:\Users\WINDOWS 10\.m2\repository"/>
    <property name="java.vendor.url.bug" value="https://bugreport.java.com/bugreport/"/>
    <property name="java.io.tmpdir" value="C:\Users\WINDOW~1\AppData\Local\Temp\"/>
    <property name="idea.version" value="2022.1.1"/>
    <property name="java.version" value="16.0.2"/>
    <property name="user.dir" value="D:\ANDROID\Intellij Projects\final_project_bigdata"/>
    <property name="os.arch" value="amd64"/>
    <property name="java.vm.specification.name" value="Java Virtual Machine Specification"/>
    <property name="sun.os.patch.level" value=""/>
    <property name="java.library.path" value="D:\ANDROID\Java\Jdk\bin;C:\Windows\Sun\Java\bin;C:\Windows\system32;C:\Windows;C:\Program Files\Common Files\Oracle\Java\javapath;C:\Windows\system32;C:\Windows;C:\Windows\System32\Wbem;C:\Windows\System32\WindowsPowerShell\v1.0\;C:\Windows\System32\OpenSSH\;C:\Program Files (x86)\Windows Live\Shared;C:\Program Files\nodejs\;C:\xampp\php;C:\composer;C:\Program Files\Git\cmd;D:\ANDROID\Gradle\gradle-6.6\bin;D:\ANDROID\Sdk\platform-tools;D:\ANDROID\Sdk\tools;D:\ANDROID\Android Studio\bin;C:\Program Files\Google\Chrome\Application;D:\ANDROID\Flutter\flutter\bin;C:\Program Files\Microsoft SQL Server\150\DTS\Binn\;C:\Program Files\Microsoft SQL Server\Client SDK\ODBC\170\Tools\Binn\;C:\Program Files (x86)\Microsoft SQL Server\150\Tools\Binn\;C:\Program Files\Microsoft SQL Server\150\Tools\Binn\;C:\Program Files (x86)\Microsoft SQL Server\150\DTS\Binn\;C:\Program Files\dotnet\;C:\Program Files\Microsoft SQL Server\130\Tools\Binn\;C:\Program Files\Azure Data Studio\bin;C:\Program Files (x86)\Microsoft SQL Server\110\DTS\Binn\;C:\Program Files (x86)\Microsoft SQL Server\120\DTS\Binn\;C:\Program Files (x86)\Microsoft SQL Server\130\DTS\Binn\;C:\Program Files (x86)\Microsoft SQL Server\140\DTS\Binn\;C:\Users\WINDOWS 10\AppData\Local\Microsoft\WindowsApps;C:\Users\WINDOWS 10\AppData\Roaming\npm;C:\Users\WINDOWS 10\AppData\Roaming\Composer\vendor\bin;D:\ANDROID\IntelliJ IDEA Community Edition 2021.1.2\bin;;D:\ANDROID\Flutter\flutter\bin;C:\Users\WINDOWS 10\.dotnet\tools;C:\Program Files\Azure Data Studio\bin;C:\Users\WINDOWS 10\AppData\Local\Programs\Microsoft VS Code\bin;D:\TOOLS\MongoDB\Server\5.0\bin;;."/>
    <property name="java.vm.info" value="mixed mode, sharing"/>
    <property name="java.vendor" value="Oracle Corporation"/>
    <property name="java.vm.version" value="16.0.2+7-67"/>
    <property name="sun.io.unicode.encoding" value="UnicodeLittle"/>
    <property name="java.class.version" value="60.0"/>
  </properties>
  <testcase name="shouldAnswerWithTrue" classname="org.example.AppTest" time="0.002"/>
</testsuite>